2017-04-13 12:30:14 [SERVER] [INFO] Starting integrated minecraft server version 1.6.4
2017-04-13 12:30:14 [SERVER] [INFO] Generating keypair
2017-04-13 12:30:15 [SERVER] [INFO] Converting map!
2017-04-13 12:30:15 [SERVER] [INFO] Scanning folders...
2017-04-13 12:30:15 [SERVER] [INFO] Total conversion count is 0
2017-04-13 12:30:15 [SERVER] [INFO] Preparing start region for level 0
2017-04-13 12:30:16 [SERVER] [INFO] Preparing spawn area: 6%
2017-04-13 12:30:17 [SERVER] [INFO] Preparing spawn area: 15%
2017-04-13 12:30:18 [SERVER] [INFO] Preparing spawn area: 29%
2017-04-13 12:30:19 [SERVER] [INFO] Preparing spawn area: 45%
2017-04-13 12:30:20 [SERVER] [INFO] Preparing spawn area: 63%
2017-04-13 12:30:21 [SERVER] [INFO] Preparing spawn area: 80%
2017-04-13 12:30:22 [SERVER] [INFO] Preparing spawn area: 97%
2017-04-13 12:30:23 [SERVER] [INFO] Player795[/127.0.0.1:0] logged in with entity id 282 at (-368.5, 71.0, 345.5)
2017-04-13 12:30:23 [SERVER] [INFO] Player795 joined the game
2017-04-13 12:30:45 [SERVER] [INFO] Saving and pausing game...
2017-04-13 12:30:45 [SERVER] [INFO] Saving chunks for level 'durp'/Overworld
2017-04-13 12:30:45 [SERVER] [INFO] Saving chunks for level 'durp'/Nether
2017-04-13 12:30:45 [SERVER] [INFO] Saving chunks for level 'durp'/The End
2017-04-13 12:32:01 [SERVER] [INFO] [Player795: Set own game mode to Creative Mode]
2017-04-13 12:32:03 [SERVER] [INFO] [Player795: Set own game mode to Survival Mode]
2017-04-13 12:32:04 [SERVER] [INFO] [Player795: Set own game mode to Creative Mode]
2017-04-13 12:32:08 [SERVER] [INFO] Saving and pausing game...
2017-04-13 12:32:08 [SERVER] [INFO] Saving chunks for level 'durp'/Overworld
2017-04-13 12:32:08 [SERVER] [INFO] Saving chunks for level 'durp'/Nether
2017-04-13 12:32:08 [SERVER] [INFO] Saving chunks for level 'durp'/The End
2017-04-13 12:32:10 [SERVER] [INFO] Stopping server
2017-04-13 12:32:10 [SERVER] [INFO] Saving players
2017-04-13 12:32:10 [SERVER] [INFO] Player795 left the game
2017-04-13 12:32:10 [SERVER] [INFO] Saving worlds
2017-04-13 12:32:10 [SERVER] [INFO] Saving chunks for level 'durp'/Overworld
2017-04-13 12:32:10 [SERVER] [INFO] Saving chunks for level 'durp'/Nether
2017-04-13 12:32:10 [SERVER] [INFO] Saving chunks for level 'durp'/The End
2017-04-13 12:33:42 [SERVER] [INFO] Starting integrated minecraft server version 1.6.4
2017-04-13 12:33:42 [SERVER] [INFO] Generating keypair
2017-04-13 12:33:43 [SERVER] [INFO] Preparing start region for level 0
2017-04-13 12:33:44 [SERVER] [INFO] Player31[/127.0.0.1:0] logged in with entity id 447 at (-380.5342388560735, 77.0, 370.0484923802645)
2017-04-13 12:33:44 [SERVER] [INFO] Player31 joined the game
2017-04-13 12:34:18 [SERVER] [INFO] [Player31: Given Iron Shovel (ID 256) * 1 to Player31]
2017-04-13 12:34:27 [SERVER] [INFO] Saving and pausing game...
2017-04-13 12:34:27 [SERVER] [INFO] Saving chunks for level 'durp'/Overworld
2017-04-13 12:34:27 [SERVER] [INFO] Saving chunks for level 'durp'/Nether
2017-04-13 12:34:27 [SERVER] [INFO] Saving chunks for level 'durp'/The End
2017-04-13 12:34:28 [SERVER] [INFO] Stopping server
2017-04-13 12:34:28 [SERVER] [INFO] Saving players
2017-04-13 12:34:28 [SERVER] [INFO] Player31 left the game
2017-04-13 12:34:28 [SERVER] [INFO] Saving worlds
2017-04-13 12:34:28 [SERVER] [INFO] Saving chunks for level 'durp'/Overworld
2017-04-13 12:34:28 [SERVER] [INFO] Saving chunks for level 'durp'/Nether
2017-04-13 12:34:28 [SERVER] [INFO] Saving chunks for level 'durp'/The End
2017-04-13 12:34:58 [SERVER] [INFO] Starting integrated minecraft server version 1.6.4
2017-04-13 12:34:58 [SERVER] [INFO] Generating keypair
2017-04-13 12:34:59 [SERVER] [INFO] Preparing start region for level 0
2017-04-13 12:35:00 [SERVER] [INFO] Player773[/127.0.0.1:0] logged in with entity id 449 at (-374.9800443144949, 80.0, 370.265223694645)
2017-04-13 12:35:00 [SERVER] [INFO] Player773 joined the game
2017-04-13 12:35:19 [SERVER] [INFO] Stopping server
2017-04-13 12:35:19 [SERVER] [INFO] Saving players
2017-04-13 12:35:19 [SERVER] [INFO] Player773 left the game
2017-04-13 12:35:19 [SERVER] [INFO] Saving worlds
2017-04-13 12:35:19 [SERVER] [INFO] Saving chunks for level 'durp'/Overworld
2017-04-13 12:35:19 [SERVER] [INFO] Saving chunks for level 'durp'/Nether
2017-04-13 12:35:19 [SERVER] [INFO] Saving chunks for level 'durp'/The End
2017-04-13 12:35:19 [SERVER] [INFO] Stopping server
2017-04-13 12:35:19 [SERVER] [INFO] Saving players
2017-04-13 13:36:20 [SERVER] [INFO] Starting integrated minecraft server version 1.6.4
2017-04-13 13:36:20 [SERVER] [INFO] Generating keypair
2017-04-13 13:36:20 [SERVER] [INFO] Preparing start region for level 0
2017-04-13 13:36:21 [SERVER] [INFO] Player640[/127.0.0.1:0] logged in with entity id 452 at (-374.9800443144949, 80.0, 370.265223694645)
2017-04-13 13:36:21 [SERVER] [INFO] Player640 joined the game
2017-04-13 13:36:29 [SERVER] [INFO] [Player640: Given Nyan Cat (ID 4256) * 1 to Player640]
2017-04-13 13:37:40 [SERVER] [INFO] Saving and pausing game...
2017-04-13 13:37:40 [SERVER] [INFO] Saving chunks for level 'durp'/Overworld
2017-04-13 13:37:40 [SERVER] [INFO] Saving chunks for level 'durp'/Nether
2017-04-13 13:37:40 [SERVER] [INFO] Saving chunks for level 'durp'/The End
2017-04-13 13:38:00 [SERVER] [INFO] [Player640: Given Nyan Cat (ID 4256) * 1 to Player640]
2017-04-13 13:38:08 [SERVER] [INFO] Saving and pausing game...
2017-04-13 13:38:08 [SERVER] [INFO] Saving chunks for level 'durp'/Overworld
2017-04-13 13:38:08 [SERVER] [INFO] Saving chunks for level 'durp'/Nether
2017-04-13 13:38:08 [SERVER] [INFO] Saving chunks for level 'durp'/The End
2017-04-13 13:38:08 [SERVER] [INFO] Stopping server
2017-04-13 13:38:08 [SERVER] [INFO] Saving players
2017-04-13 13:38:08 [SERVER] [INFO] Player640 left the game
2017-04-13 13:38:08 [SERVER] [INFO] Saving worlds
2017-04-13 13:38:08 [SERVER] [INFO] Saving chunks for level 'durp'/Overworld
2017-04-13 13:38:08 [SERVER] [INFO] Saving chunks for level 'durp'/Nether
2017-04-13 13:38:08 [SERVER] [INFO] Saving chunks for level 'durp'/The End
2017-04-13 13:39:20 [SERVER] [INFO] Starting integrated minecraft server version 1.6.4
2017-04-13 13:39:20 [SERVER] [INFO] Generating keypair
2017-04-13 13:39:21 [SERVER] [INFO] Preparing start region for level 0
2017-04-13 13:39:22 [SERVER] [INFO] Player907[/127.0.0.1:0] logged in with entity id 450 at (-376.46061860897146, 78.0, 360.5498536330306)
2017-04-13 13:39:22 [SERVER] [INFO] Player907 joined the game
2017-04-13 13:39:30 [SERVER] [INFO] [Player907: Given Nyan Cat (ID 4256) * 1 to Player907]
2017-04-13 13:39:33 [SERVER] [INFO] [Player907: Given Derpy Cat (ID 4257) * 1 to Player907]
2017-04-13 13:39:34 [SERVER] [INFO] [Player907: Given Shady Cat (ID 4258) * 1 to Player907]
2017-04-13 13:39:44 [SERVER] [INFO] Saving and pausing game...
2017-04-13 13:39:44 [SERVER] [INFO] Saving chunks for level 'durp'/Overworld
2017-04-13 13:39:44 [SERVER] [INFO] Saving chunks for level 'durp'/Nether
2017-04-13 13:39:44 [SERVER] [INFO] Saving chunks for level 'durp'/The End
2017-04-13 13:39:45 [SERVER] [INFO] Stopping server
2017-04-13 13:39:45 [SERVER] [INFO] Saving players
2017-04-13 13:39:45 [SERVER] [INFO] Player907 left the game
2017-04-13 13:39:45 [SERVER] [INFO] Saving worlds
2017-04-13 13:39:45 [SERVER] [INFO] Saving chunks for level 'durp'/Overworld
2017-04-13 13:39:45 [SERVER] [INFO] Saving chunks for level 'durp'/Nether
2017-04-13 13:39:45 [SERVER] [INFO] Saving chunks for level 'durp'/The End
2017-04-13 13:40:42 [SERVER] [INFO] Starting integrated minecraft server version 1.6.4
2017-04-13 13:40:42 [SERVER] [INFO] Generating keypair
2017-04-13 13:40:42 [SERVER] [INFO] Preparing start region for level 0
2017-04-13 13:40:43 [SERVER] [INFO] Player566[/127.0.0.1:0] logged in with entity id 452 at (-376.46061860897146, 78.0, 360.5498536330306)
2017-04-13 13:40:43 [SERVER] [INFO] Player566 joined the game
2017-04-13 13:40:52 [SERVER] [INFO] [Player566: Given Nyan Cat (ID 4256) * 1 to Player566]
2017-04-13 13:40:53 [SERVER] [INFO] [Player566: Given Derpy Cat (ID 4257) * 1 to Player566]
2017-04-13 13:40:55 [SERVER] [INFO] [Player566: Given Shady Cat (ID 4258) * 1 to Player566]
2017-04-13 13:40:56 [SERVER] [INFO] [Player566: Given Other File Cat (ID 4259) * 1 to Player566]
2017-04-13 13:40:59 [SERVER] [INFO] [Player566: Given retroGo Cat (ID 4260) * 1 to Player566]
2017-04-13 13:41:05 [SERVER] [INFO] Saving and pausing game...
2017-04-13 13:41:05 [SERVER] [INFO] Saving chunks for level 'durp'/Overworld
2017-04-13 13:41:05 [SERVER] [INFO] Saving chunks for level 'durp'/Nether
2017-04-13 13:41:05 [SERVER] [INFO] Saving chunks for level 'durp'/The End
2017-04-13 13:41:44 [SERVER] [INFO] Saving and pausing game...
2017-04-13 13:41:44 [SERVER] [INFO] Saving chunks for level 'durp'/Overworld
2017-04-13 13:41:44 [SERVER] [INFO] Saving chunks for level 'durp'/Nether
2017-04-13 13:41:44 [SERVER] [INFO] Saving chunks for level 'durp'/The End
2017-04-13 13:41:45 [SERVER] [INFO] Stopping server
2017-04-13 13:41:45 [SERVER] [INFO] Saving players
2017-04-13 13:41:45 [SERVER] [INFO] Player566 left the game
2017-04-13 13:41:45 [SERVER] [INFO] Saving worlds
2017-04-13 13:41:45 [SERVER] [INFO] Saving chunks for level 'durp'/Overworld
2017-04-13 13:41:45 [SERVER] [INFO] Saving chunks for level 'durp'/Nether
2017-04-13 13:41:45 [SERVER] [INFO] Saving chunks for level 'durp'/The End
2017-04-13 13:48:51 [SERVER] [INFO] Starting integrated minecraft server version 1.6.4
2017-04-13 13:48:51 [SERVER] [INFO] Generating keypair
2017-04-13 13:48:51 [SERVER] [INFO] Preparing start region for level 0
2017-04-13 13:48:53 [SERVER] [INFO] Player103[/127.0.0.1:0] logged in with entity id 458 at (-375.68989581410085, 79.0, 365.52004669465214)
2017-04-13 13:48:53 [SERVER] [INFO] Player103 joined the game
2017-04-13 13:48:57 [SERVER] [INFO] Saving and pausing game...
2017-04-13 13:48:57 [SERVER] [INFO] Saving chunks for level 'durp'/Overworld
2017-04-13 13:48:57 [SERVER] [INFO] Saving chunks for level 'durp'/Nether
2017-04-13 13:48:57 [SERVER] [INFO] Saving chunks for level 'durp'/The End
2017-04-13 13:48:58 [SERVER] [INFO] Stopping server
2017-04-13 13:48:58 [SERVER] [INFO] Saving players
2017-04-13 13:48:58 [SERVER] [INFO] Player103 left the game
2017-04-13 13:48:58 [SERVER] [INFO] Saving worlds
2017-04-13 13:48:58 [SERVER] [INFO] Saving chunks for level 'durp'/Overworld
2017-04-13 13:48:58 [SERVER] [INFO] Saving chunks for level 'durp'/Nether
2017-04-13 13:48:58 [SERVER] [INFO] Saving chunks for level 'durp'/The End
2017-04-13 13:49:33 [SERVER] [INFO] Starting integrated minecraft server version 1.6.4
2017-04-13 13:49:33 [SERVER] [INFO] Generating keypair
2017-04-13 13:49:34 [SERVER] [INFO] Preparing start region for level 0
2017-04-13 13:49:35 [SERVER] [INFO] Player956[/127.0.0.1:0] logged in with entity id 458 at (-375.68989581410085, 79.0, 365.52004669465214)
2017-04-13 13:49:35 [SERVER] [INFO] Player956 joined the game
2017-04-13 13:49:38 [SERVER] [INFO] Stopping server
2017-04-13 13:49:38 [SERVER] [INFO] Saving players
2017-04-13 13:49:38 [SERVER] [INFO] Player956 left the game
2017-04-13 13:49:38 [SERVER] [INFO] Saving worlds
2017-04-13 13:49:38 [SERVER] [INFO] Saving chunks for level 'durp'/Overworld
2017-04-13 13:49:39 [SERVER] [INFO] Saving chunks for level 'durp'/Nether
2017-04-13 13:49:39 [SERVER] [INFO] Saving chunks for level 'durp'/The End
2017-04-13 13:49:39 [SERVER] [INFO] Stopping server
2017-04-13 13:52:40 [SERVER] [INFO] Starting integrated minecraft server version 1.6.4
2017-04-13 13:52:40 [SERVER] [INFO] Generating keypair
2017-04-13 13:52:40 [SERVER] [INFO] Preparing start region for level 0
2017-04-13 13:52:42 [SERVER] [INFO] Player835[/127.0.0.1:0] logged in with entity id 458 at (-375.68989581410085, 79.78502770378924, 365.52004669465214)
2017-04-13 13:52:42 [SERVER] [INFO] Player835 joined the game
2017-04-13 13:52:57 [SERVER] [INFO] Stopping server
2017-04-13 13:52:57 [SERVER] [INFO] Saving players
2017-04-13 13:52:57 [SERVER] [INFO] Player835 left the game
2017-04-13 13:52:57 [SERVER] [INFO] Saving worlds
2017-04-13 13:52:57 [SERVER] [INFO] Saving chunks for level 'durp'/Overworld
2017-04-13 13:52:57 [SERVER] [INFO] Saving chunks for level 'durp'/Nether
2017-04-13 13:52:57 [SERVER] [INFO] Saving chunks for level 'durp'/The End
2017-04-13 14:09:08 [SERVER] [INFO] Starting integrated minecraft server version 1.6.4
2017-04-13 14:09:08 [SERVER] [INFO] Generating keypair
2017-04-13 14:09:09 [SERVER] [INFO] Preparing start region for level 0
2017-04-13 14:09:10 [SERVER] [INFO] Player276[/127.0.0.1:0] logged in with entity id 453 at (-377.3855551694117, 79.0, 364.77128127745823)
2017-04-13 14:09:10 [SERVER] [INFO] Player276 joined the game
2017-04-13 14:09:12 [SERVER] [INFO] Saving and pausing game...
2017-04-13 14:09:12 [SERVER] [INFO] Saving chunks for level 'durp'/Overworld
2017-04-13 14:09:12 [SERVER] [INFO] Saving chunks for level 'durp'/Nether
2017-04-13 14:09:12 [SERVER] [INFO] Saving chunks for level 'durp'/The End
2017-04-13 14:09:13 [SERVER] [INFO] Stopping server
2017-04-13 14:09:13 [SERVER] [INFO] Saving players
2017-04-13 14:09:13 [SERVER] [INFO] Player276 left the game
2017-04-13 14:09:13 [SERVER] [INFO] Saving worlds
2017-04-13 14:09:13 [SERVER] [INFO] Saving chunks for level 'durp'/Overworld
2017-04-13 14:09:13 [SERVER] [INFO] Saving chunks for level 'durp'/Nether
2017-04-13 14:09:13 [SERVER] [INFO] Saving chunks for level 'durp'/The End
2017-04-15 15:44:03 [SERVER] [INFO] Starting integrated minecraft server version 1.6.4
2017-04-15 15:44:03 [SERVER] [INFO] Generating keypair
2017-04-15 15:44:03 [SERVER] [INFO] Converting map!
2017-04-15 15:44:03 [SERVER] [INFO] Scanning folders...
2017-04-15 15:44:03 [SERVER] [INFO] Total conversion count is 0
2017-04-15 15:44:03 [SERVER] [INFO] Preparing start region for level 0
2017-04-15 15:44:04 [SERVER] [INFO] Preparing spawn area: 19%
2017-04-15 15:44:05 [SERVER] [INFO] Preparing spawn area: 49%
2017-04-15 15:44:06 [SERVER] [INFO] Preparing spawn area: 78%
2017-04-15 15:44:07 [SERVER] [INFO] Player469[/127.0.0.1:0] logged in with entity id 291 at (-212.5, 64.0, 253.5)
2017-04-15 15:44:07 [SERVER] [INFO] Player469 joined the game
2017-04-15 15:44:08 [SERVER] [INFO] Saving and pausing game...
2017-04-15 15:44:08 [SERVER] [INFO] Saving chunks for level 'durp'/Overworld
2017-04-15 15:44:11 [SERVER] [INFO] Saving chunks for level 'durp'/Nether
2017-04-15 15:44:11 [SERVER] [INFO] Saving chunks for level 'durp'/The End
2017-04-15 15:44:11 [SERVER] [INFO] Player469 lost connection: disconnect.quitting
2017-04-15 15:44:11 [SERVER] [INFO] Player469 left the game
2017-04-15 15:44:11 [SERVER] [INFO] Stopping singleplayer server as player logged out
2017-04-15 15:44:11 [SERVER] [INFO] Stopping server
2017-04-15 15:44:11 [SERVER] [INFO] Saving players
2017-04-15 15:44:11 [SERVER] [INFO] Saving worlds
2017-04-15 15:44:11 [SERVER] [INFO] Saving chunks for level 'durp'/Overworld
2017-04-15 15:44:13 [SERVER] [INFO] Saving chunks for level 'durp'/Nether
2017-04-15 15:44:13 [SERVER] [INFO] Saving chunks for level 'durp'/The End
2017-04-15 16:04:18 [SERVER] [INFO] Starting integrated minecraft server version 1.6.4
2017-04-15 16:04:18 [SERVER] [INFO] Generating keypair
2017-04-15 16:04:18 [SERVER] [INFO] Preparing start region for level 0
2017-04-15 16:04:19 [SERVER] [INFO] Player654[/127.0.0.1:0] logged in with entity id 369 at (-235.59264384772956, 68.0, 267.69999998807907)
2017-04-15 16:04:19 [SERVER] [INFO] Player654 joined the game
2017-04-15 16:04:38 [SERVER] [INFO] Saving and pausing game...
2017-04-15 16:04:38 [SERVER] [INFO] Saving chunks for level 'durp'/Overworld
2017-04-15 16:04:38 [SERVER] [INFO] Saving chunks for level 'durp'/Nether
2017-04-15 16:04:38 [SERVER] [INFO] Saving chunks for level 'durp'/The End
2017-04-15 16:11:19 [SERVER] [INFO] Stopping server
2017-04-15 16:11:19 [SERVER] [INFO] Saving players
2017-04-15 16:11:19 [SERVER] [INFO] Player654 left the game
2017-04-15 16:11:19 [SERVER] [INFO] Saving worlds
2017-04-15 16:11:19 [SERVER] [INFO] Saving chunks for level 'durp'/Overworld
2017-04-15 16:11:19 [SERVER] [WARNING] The save is being accessed from another location, aborting
2017-04-15 16:11:19 [SERVER] [INFO] Saving chunks for level 'durp'/Nether
2017-04-15 16:11:19 [SERVER] [INFO] Saving chunks for level 'durp'/The End
2017-04-15 16:13:16 [SERVER] [INFO] Starting integrated minecraft server version 1.6.4
2017-04-15 16:13:16 [SERVER] [INFO] Generating keypair
2017-04-15 16:13:16 [SERVER] [INFO] Preparing start region for level 0
2017-04-15 16:13:16 [SERVER] [INFO] Player435[/127.0.0.1:0] logged in with entity id 371 at (-229.89345007817016, 67.0, 269.6763005074347)
2017-04-15 16:13:16 [SERVER] [INFO] Player435 joined the game
2017-04-15 16:13:25 [SERVER] [INFO] Stopping server
2017-04-15 16:13:25 [SERVER] [INFO] Saving players
2017-04-15 16:13:25 [SERVER] [INFO] Player435 left the game
2017-04-15 16:13:25 [SERVER] [INFO] Saving worlds
2017-04-15 16:13:25 [SERVER] [INFO] Saving chunks for level 'durp'/Overworld
2017-04-15 16:13:25 [SERVER] [INFO] Saving chunks for level 'durp'/Nether
2017-04-15 16:13:25 [SERVER] [INFO] Saving chunks for level 'durp'/The End
2017-04-15 16:13:25 [SERVER] [SEVERE] Encountered an unexpected exception ReportedException
net.minecraft.util.ReportedException: Ticking memory connection
	at net.minecraft.network.NetworkListenThread.networkTick(NetworkListenThread.java:63)
	at net.minecraft.server.integrated.IntegratedServerListenThread.networkTick(IntegratedServerListenThread.java:109)
	at net.minecraft.server.MinecraftServer.updateTimeLightAndEntities(MinecraftServer.java:691)
	at net.minecraft.server.MinecraftServer.tick(MinecraftServer.java:587)
	at net.minecraft.server.integrated.IntegratedServer.tick(IntegratedServer.java:129)
	at net.minecraft.server.MinecraftServer.run(MinecraftServer.java:484)
	at net.minecraft.server.ThreadMinecraftServer.run(ThreadMinecraftServer.java:583)
Caused by: java.lang.RuntimeException: Cannot Hotload Dim: Overworld is not Loaded!
	at net.minecraftforge.common.DimensionManager.initDimension(DimensionManager.java:239)
	at net.minecraft.server.MinecraftServer.worldServerForDimension(MinecraftServer.java:746)
	at net.minecraft.network.NetServerHandler.handleFlying(NetServerHandler.java:186)
	at net.minecraft.network.packet.Packet10Flying.processPacket(Packet10Flying.java:136)
	at net.minecraft.network.MemoryConnection.processReadPackets(MemoryConnection.java:89)
	at net.minecraft.network.NetServerHandler.networkTick(NetServerHandler.java:141)
	at net.minecraft.network.NetworkListenThread.networkTick(NetworkListenThread.java:54)
	... 6 more
2017-04-15 16:13:25 [SERVER] [SEVERE] This crash report has been saved to: /home/beck/NoseMod/eclipse/Nose/./crash-reports/crash-2017-04-15_16.13.25-server.txt
2017-04-15 16:13:25 [SERVER] [INFO] Stopping server
2017-04-15 16:13:25 [SERVER] [INFO] Saving players
2017-04-15 16:13:25 [SERVER] [INFO] Saving worlds
2017-04-15 16:13:56 [SERVER] [INFO] Starting integrated minecraft server version 1.6.4
2017-04-15 16:13:56 [SERVER] [INFO] Generating keypair
2017-04-15 16:13:57 [SERVER] [INFO] Preparing start region for level 0
2017-04-15 16:13:57 [SERVER] [INFO] Player502[/127.0.0.1:0] logged in with entity id 371 at (-229.89345007817016, 67.0, 269.6763005074347)
2017-04-15 16:13:57 [SERVER] [INFO] Player502 joined the game
2017-04-15 16:14:01 [SERVER] [INFO] Stopping server
2017-04-15 16:14:01 [SERVER] [INFO] Saving players
2017-04-15 16:14:01 [SERVER] [INFO] Player502 left the game
2017-04-15 16:14:01 [SERVER] [INFO] Saving worlds
2017-04-15 16:14:01 [SERVER] [INFO] Saving chunks for level 'durp'/Overworld
2017-04-15 16:14:01 [SERVER] [INFO] Saving chunks for level 'durp'/Nether
2017-04-15 16:14:01 [SERVER] [INFO] Saving chunks for level 'durp'/The End
2017-04-15 16:14:02 [SERVER] [SEVERE] Encountered an unexpected exception ReportedException
net.minecraft.util.ReportedException: Ticking memory connection
	at net.minecraft.network.NetworkListenThread.networkTick(NetworkListenThread.java:63)
	at net.minecraft.server.integrated.IntegratedServerListenThread.networkTick(IntegratedServerListenThread.java:109)
	at net.minecraft.server.MinecraftServer.updateTimeLightAndEntities(MinecraftServer.java:691)
	at net.minecraft.server.MinecraftServer.tick(MinecraftServer.java:587)
	at net.minecraft.server.integrated.IntegratedServer.tick(IntegratedServer.java:129)
	at net.minecraft.server.MinecraftServer.run(MinecraftServer.java:484)
	at net.minecraft.server.ThreadMinecraftServer.run(ThreadMinecraftServer.java:583)
Caused by: java.lang.RuntimeException: Cannot Hotload Dim: Overworld is not Loaded!
	at net.minecraftforge.common.DimensionManager.initDimension(DimensionManager.java:239)
	at net.minecraft.server.MinecraftServer.worldServerForDimension(MinecraftServer.java:746)
	at net.minecraft.network.NetServerHandler.handleFlying(NetServerHandler.java:186)
	at net.minecraft.network.packet.Packet10Flying.processPacket(Packet10Flying.java:136)
	at net.minecraft.network.MemoryConnection.processReadPackets(MemoryConnection.java:89)
	at net.minecraft.network.NetServerHandler.networkTick(NetServerHandler.java:141)
	at net.minecraft.network.NetworkListenThread.networkTick(NetworkListenThread.java:54)
	... 6 more
2017-04-15 16:14:02 [SERVER] [SEVERE] This crash report has been saved to: /home/beck/NoseMod/eclipse/Nose/./crash-reports/crash-2017-04-15_16.14.02-server.txt
2017-04-15 16:14:02 [SERVER] [INFO] Stopping server
2017-04-15 16:14:02 [SERVER] [INFO] Saving players
2017-04-15 16:14:02 [SERVER] [INFO] Saving worlds
2017-04-15 16:15:40 [SERVER] [INFO] Starting integrated minecraft server version 1.6.4
2017-04-15 16:15:40 [SERVER] [INFO] Generating keypair
2017-04-15 16:15:40 [SERVER] [INFO] Preparing start region for level 0
2017-04-15 16:15:41 [SERVER] [INFO] Player720[/127.0.0.1:0] logged in with entity id 371 at (-229.89345007817016, 67.0, 269.6763005074347)
2017-04-15 16:15:41 [SERVER] [INFO] Player720 joined the game
2017-04-15 16:15:44 [SERVER] [INFO] Stopping server
2017-04-15 16:15:44 [SERVER] [INFO] Saving players
2017-04-15 16:15:44 [SERVER] [INFO] Player720 left the game
2017-04-15 16:15:44 [SERVER] [INFO] Saving worlds
2017-04-15 16:15:44 [SERVER] [INFO] Saving chunks for level 'durp'/Overworld
2017-04-15 16:15:44 [SERVER] [INFO] Saving chunks for level 'durp'/Nether
2017-04-15 16:15:44 [SERVER] [INFO] Saving chunks for level 'durp'/The End
2017-04-15 17:29:16 [SERVER] [INFO] Starting integrated minecraft server version 1.6.4
2017-04-15 17:29:16 [SERVER] [INFO] Generating keypair
2017-04-15 17:29:16 [SERVER] [INFO] Preparing start region for level 0
2017-04-15 17:29:17 [SERVER] [INFO] Player903[/127.0.0.1:0] logged in with entity id 370 at (-229.89345007817016, 67.0, 269.6763005074347)
2017-04-15 17:29:17 [SERVER] [INFO] Player903 joined the game
2017-04-15 17:29:20 [SERVER] [INFO] Saving and pausing game...
2017-04-15 17:29:20 [SERVER] [INFO] Saving chunks for level 'durp'/Overworld
2017-04-15 17:29:20 [SERVER] [INFO] Saving chunks for level 'durp'/Nether
2017-04-15 17:29:20 [SERVER] [INFO] Saving chunks for level 'durp'/The End
2017-04-15 17:29:21 [SERVER] [INFO] Stopping server
2017-04-15 17:29:21 [SERVER] [INFO] Saving players
2017-04-15 17:29:21 [SERVER] [INFO] Player903 left the game
2017-04-15 17:29:21 [SERVER] [INFO] Saving worlds
2017-04-15 17:29:21 [SERVER] [INFO] Saving chunks for level 'durp'/Overworld
2017-04-15 17:29:21 [SERVER] [INFO] Saving chunks for level 'durp'/Nether
2017-04-15 17:29:21 [SERVER] [INFO] Saving chunks for level 'durp'/The End
2017-04-15 17:31:41 [SERVER] [INFO] Starting integrated minecraft server version 1.6.4
2017-04-15 17:31:41 [SERVER] [INFO] Generating keypair
2017-04-15 17:31:41 [SERVER] [INFO] Preparing start region for level 0
2017-04-15 17:31:42 [SERVER] [INFO] Player63[/127.0.0.1:0] logged in with entity id 371 at (-229.88541136329283, 68.0, 270.251333940071)
2017-04-15 17:31:42 [SERVER] [INFO] Player63 joined the game
2017-04-15 17:31:50 [SERVER] [INFO] [Player63: Given Other File Cat (ID 4256) * 1 to Player63]
2017-04-15 17:32:00 [SERVER] [INFO] [Player63: Given retroGo Cat (ID 4257) * 1 to Player63]
2017-04-15 17:32:04 [SERVER] [INFO] [Player63: Given Nyan Cat (ID 4258) * 1 to Player63]
2017-04-15 17:32:06 [SERVER] [INFO] [Player63: Given Derpy Cat (ID 4259) * 1 to Player63]
2017-04-15 17:32:10 [SERVER] [INFO] [Player63: Given Shady Cat (ID 4260) * 1 to Player63]
2017-04-15 17:32:31 [SERVER] [INFO] Saving and pausing game...
2017-04-15 17:32:31 [SERVER] [INFO] Saving chunks for level 'durp'/Overworld
2017-04-15 17:32:31 [SERVER] [INFO] Saving chunks for level 'durp'/Nether
2017-04-15 17:32:31 [SERVER] [INFO] Saving chunks for level 'durp'/The End
2017-04-15 17:33:08 [SERVER] [INFO] Saving and pausing game...
2017-04-15 17:33:08 [SERVER] [INFO] Saving chunks for level 'durp'/Overworld
2017-04-15 17:33:08 [SERVER] [INFO] Saving chunks for level 'durp'/Nether
2017-04-15 17:33:08 [SERVER] [INFO] Saving chunks for level 'durp'/The End
2017-04-15 17:33:08 [SERVER] [INFO] Stopping server
2017-04-15 17:33:08 [SERVER] [INFO] Saving players
2017-04-15 17:33:08 [SERVER] [INFO] Player63 left the game
2017-04-15 17:33:08 [SERVER] [INFO] Saving worlds
2017-04-15 17:33:08 [SERVER] [INFO] Saving chunks for level 'durp'/Overworld
2017-04-15 17:33:08 [SERVER] [INFO] Saving chunks for level 'durp'/Nether
2017-04-15 17:33:08 [SERVER] [INFO] Saving chunks for level 'durp'/The End
2017-04-15 17:35:54 [SERVER] [INFO] Starting integrated minecraft server version 1.6.4
2017-04-15 17:35:54 [SERVER] [INFO] Generating keypair
2017-04-15 17:35:54 [SERVER] [INFO] Preparing start region for level 0
2017-04-15 17:35:55 [SERVER] [INFO] Player97[/127.0.0.1:0] logged in with entity id 348 at (-235.73172636315957, 79.469584090322, 266.19866017633177)
2017-04-15 17:35:55 [SERVER] [INFO] Player97 joined the game
2017-04-15 17:36:14 [SERVER] [INFO] Saving and pausing game...
2017-04-15 17:36:14 [SERVER] [INFO] Saving chunks for level 'durp'/Overworld
2017-04-15 17:36:14 [SERVER] [INFO] Saving chunks for level 'durp'/Nether
2017-04-15 17:36:14 [SERVER] [INFO] Saving chunks for level 'durp'/The End
2017-04-15 17:36:14 [SERVER] [INFO] Stopping server
2017-04-15 17:36:14 [SERVER] [INFO] Saving players
2017-04-15 17:36:14 [SERVER] [INFO] Player97 left the game
2017-04-15 17:36:14 [SERVER] [INFO] Saving worlds
2017-04-15 17:36:14 [SERVER] [INFO] Saving chunks for level 'durp'/Overworld
2017-04-15 17:36:14 [SERVER] [INFO] Saving chunks for level 'durp'/Nether
2017-04-15 17:36:14 [SERVER] [INFO] Saving chunks for level 'durp'/The End
2017-04-15 17:37:21 [SERVER] [INFO] Starting integrated minecraft server version 1.6.4
2017-04-15 17:37:21 [SERVER] [INFO] Generating keypair
2017-04-15 17:37:21 [SERVER] [INFO] Preparing start region for level 0
2017-04-15 17:37:22 [SERVER] [INFO] Player585[/127.0.0.1:0] logged in with entity id 342 at (-231.5877001821537, 83.19973386278139, 259.50725689014905)
2017-04-15 17:37:22 [SERVER] [INFO] Player585 joined the game
2017-04-15 17:37:29 [SERVER] [INFO] Saving and pausing game...
2017-04-15 17:37:29 [SERVER] [INFO] Saving chunks for level 'durp'/Overworld
2017-04-15 17:37:29 [SERVER] [INFO] Saving chunks for level 'durp'/Nether
2017-04-15 17:37:29 [SERVER] [INFO] Saving chunks for level 'durp'/The End
2017-04-15 17:37:57 [SERVER] [INFO] Stopping server
2017-04-15 17:37:57 [SERVER] [INFO] Saving players
2017-04-15 17:37:57 [SERVER] [INFO] Player585 left the game
2017-04-15 17:37:57 [SERVER] [INFO] Saving worlds
2017-04-15 17:37:57 [SERVER] [INFO] Saving chunks for level 'durp'/Overworld
2017-04-15 17:37:57 [SERVER] [INFO] Saving chunks for level 'durp'/Nether
2017-04-15 17:37:57 [SERVER] [INFO] Saving chunks for level 'durp'/The End
2017-04-15 17:38:28 [SERVER] [INFO] Starting integrated minecraft server version 1.6.4
2017-04-15 17:38:28 [SERVER] [INFO] Generating keypair
2017-04-15 17:38:28 [SERVER] [INFO] Preparing start region for level 0
2017-04-15 17:38:29 [SERVER] [INFO] Player258[/127.0.0.1:0] logged in with entity id 343 at (-229.089451223692, 85.0660206868198, 254.75515661248568)
2017-04-15 17:38:29 [SERVER] [INFO] Player258 joined the game
2017-04-15 17:38:32 [SERVER] [SEVERE] Encountered an unexpected exception ReportedException
net.minecraft.util.ReportedException: Colliding entity with tile
	at net.minecraft.network.NetworkListenThread.networkTick(NetworkListenThread.java:63)
	at net.minecraft.server.integrated.IntegratedServerListenThread.networkTick(IntegratedServerListenThread.java:109)
	at net.minecraft.server.MinecraftServer.updateTimeLightAndEntities(MinecraftServer.java:691)
	at net.minecraft.server.MinecraftServer.tick(MinecraftServer.java:587)
	at net.minecraft.server.integrated.IntegratedServer.tick(IntegratedServer.java:129)
	at net.minecraft.server.MinecraftServer.run(MinecraftServer.java:484)
	at net.minecraft.server.ThreadMinecraftServer.run(ThreadMinecraftServer.java:583)
Caused by: java.lang.NullPointerException
	at net.minecraft.entity.Entity.doBlockCollisions(Entity.java:1018)
	at net.minecraft.entity.Entity.moveEntity(Entity.java:951)
	at net.minecraft.entity.EntityLivingBase.moveEntityWithHeading(EntityLivingBase.java:1691)
	at net.minecraft.entity.player.EntityPlayer.moveEntityWithHeading(EntityPlayer.java:1900)
	at net.minecraft.entity.EntityLivingBase.onLivingUpdate(EntityLivingBase.java:2033)
	at net.minecraft.entity.player.EntityPlayer.onLivingUpdate(EntityPlayer.java:608)
	at net.minecraft.entity.EntityLivingBase.onUpdate(EntityLivingBase.java:1826)
	at net.minecraft.entity.player.EntityPlayer.onUpdate(EntityPlayer.java:342)
	at net.minecraft.entity.player.EntityPlayerMP.onUpdateEntity(EntityPlayerMP.java:328)
	at net.minecraft.network.NetServerHandler.handleFlying(NetServerHandler.java:304)
	at net.minecraft.network.packet.Packet10Flying.processPacket(Packet10Flying.java:136)
	at net.minecraft.network.MemoryConnection.processReadPackets(MemoryConnection.java:89)
	at net.minecraft.network.NetServerHandler.networkTick(NetServerHandler.java:141)
	at net.minecraft.network.NetworkListenThread.networkTick(NetworkListenThread.java:54)
	... 6 more
2017-04-15 17:38:32 [SERVER] [SEVERE] This crash report has been saved to: /home/beck/NoseMod/eclipse/Nose/./crash-reports/crash-2017-04-15_17.38.32-server.txt
2017-04-15 17:38:32 [SERVER] [INFO] Stopping server
2017-04-15 17:38:32 [SERVER] [INFO] Saving players
2017-04-15 17:38:32 [SERVER] [INFO] Player258 left the game
2017-04-15 17:38:32 [SERVER] [INFO] Saving worlds
2017-04-15 17:38:32 [SERVER] [INFO] Saving chunks for level 'durp'/Overworld
2017-04-15 17:41:08 [SERVER] [INFO] Starting integrated minecraft server version 1.6.4
2017-04-15 17:41:08 [SERVER] [INFO] Generating keypair
2017-04-15 17:41:08 [SERVER] [INFO] Preparing start region for level 0
2017-04-15 17:41:09 [SERVER] [INFO] Player886[/127.0.0.1:0] logged in with entity id 342 at (-229.089451223692, 85.0660206868198, 254.75515661248568)
2017-04-15 17:41:09 [SERVER] [INFO] Player886 joined the game
2017-04-15 17:41:12 [SERVER] [INFO] Saving and pausing game...
2017-04-15 17:41:12 [SERVER] [INFO] Saving chunks for level 'durp'/Overworld
2017-04-15 17:41:12 [SERVER] [INFO] Saving chunks for level 'durp'/Nether
2017-04-15 17:41:12 [SERVER] [INFO] Saving chunks for level 'durp'/The End
2017-04-15 17:42:04 [SERVER] [INFO] Saving and pausing game...
2017-04-15 17:42:04 [SERVER] [INFO] Saving chunks for level 'durp'/Overworld
2017-04-15 17:42:04 [SERVER] [INFO] Saving chunks for level 'durp'/Nether
2017-04-15 17:42:04 [SERVER] [INFO] Saving chunks for level 'durp'/The End
2017-04-15 17:42:56 [SERVER] [INFO] Stopping server
2017-04-15 17:42:56 [SERVER] [INFO] Saving players
2017-04-15 17:42:56 [SERVER] [INFO] Player886 left the game
2017-04-15 17:42:56 [SERVER] [INFO] Saving worlds
2017-04-15 17:42:56 [SERVER] [INFO] Saving chunks for level 'durp'/Overworld
2017-04-15 17:42:56 [SERVER] [INFO] Saving chunks for level 'durp'/Nether
2017-04-15 17:42:56 [SERVER] [INFO] Saving chunks for level 'durp'/The End
2017-04-15 17:43:02 [SERVER] [INFO] Starting integrated minecraft server version 1.6.4
2017-04-15 17:43:02 [SERVER] [INFO] Generating keypair
2017-04-15 17:43:02 [SERVER] [INFO] Preparing start region for level 0
2017-04-15 17:43:03 [SERVER] [INFO] Player119[/127.0.0.1:0] logged in with entity id 339 at (-229.38198675960894, 85.0660206868198, 255.12357245222046)
2017-04-15 17:43:03 [SERVER] [INFO] Player119 joined the game
2017-04-15 17:43:12 [SERVER] [SEVERE] Encountered an unexpected exception ReportedException
net.minecraft.util.ReportedException: Colliding entity with tile
	at net.minecraft.network.NetworkListenThread.networkTick(NetworkListenThread.java:63)
	at net.minecraft.server.integrated.IntegratedServerListenThread.networkTick(IntegratedServerListenThread.java:109)
	at net.minecraft.server.MinecraftServer.updateTimeLightAndEntities(MinecraftServer.java:691)
	at net.minecraft.server.MinecraftServer.tick(MinecraftServer.java:587)
	at net.minecraft.server.integrated.IntegratedServer.tick(IntegratedServer.java:129)
	at net.minecraft.server.MinecraftServer.run(MinecraftServer.java:484)
	at net.minecraft.server.ThreadMinecraftServer.run(ThreadMinecraftServer.java:583)
Caused by: java.lang.NullPointerException
	at net.minecraft.entity.Entity.doBlockCollisions(Entity.java:1018)
	at net.minecraft.entity.Entity.moveEntity(Entity.java:951)
	at net.minecraft.entity.EntityLivingBase.moveEntityWithHeading(EntityLivingBase.java:1691)
	at net.minecraft.entity.player.EntityPlayer.moveEntityWithHeading(EntityPlayer.java:1900)
	at net.minecraft.entity.EntityLivingBase.onLivingUpdate(EntityLivingBase.java:2033)
	at net.minecraft.entity.player.EntityPlayer.onLivingUpdate(EntityPlayer.java:608)
	at net.minecraft.entity.EntityLivingBase.onUpdate(EntityLivingBase.java:1826)
	at net.minecraft.entity.player.EntityPlayer.onUpdate(EntityPlayer.java:342)
	at net.minecraft.entity.player.EntityPlayerMP.onUpdateEntity(EntityPlayerMP.java:328)
	at net.minecraft.network.NetServerHandler.handleFlying(NetServerHandler.java:304)
	at net.minecraft.network.packet.Packet10Flying.processPacket(Packet10Flying.java:136)
	at net.minecraft.network.MemoryConnection.processReadPackets(MemoryConnection.java:89)
	at net.minecraft.network.NetServerHandler.networkTick(NetServerHandler.java:141)
	at net.minecraft.network.NetworkListenThread.networkTick(NetworkListenThread.java:54)
	... 6 more
2017-04-15 17:43:12 [SERVER] [SEVERE] This crash report has been saved to: /home/beck/NoseMod/eclipse/Nose/./crash-reports/crash-2017-04-15_17.43.12-server.txt
2017-04-15 17:43:12 [SERVER] [INFO] Stopping server
2017-04-15 17:43:12 [SERVER] [INFO] Saving players
2017-04-15 17:43:12 [SERVER] [INFO] Player119 left the game
2017-04-15 17:43:12 [SERVER] [INFO] Saving worlds
2017-04-15 17:43:12 [SERVER] [INFO] Saving chunks for level 'durp'/Overworld
2017-04-15 19:44:13 [SERVER] [INFO] Starting integrated minecraft server version 1.6.4
2017-04-15 19:44:13 [SERVER] [INFO] Generating keypair
2017-04-15 19:44:13 [SERVER] [INFO] Preparing start region for level 0
2017-04-15 19:44:14 [SERVER] [INFO] Player994[/127.0.0.1:0] logged in with entity id 343 at (-229.38198675960894, 85.0660206868198, 255.12357245222046)
2017-04-15 19:44:14 [SERVER] [INFO] Player994 joined the game
2017-04-15 19:44:23 [SERVER] [INFO] Stopping server
2017-04-15 19:44:23 [SERVER] [INFO] Saving players
2017-04-15 19:44:23 [SERVER] [INFO] Player994 left the game
2017-04-15 19:44:23 [SERVER] [INFO] Saving worlds
2017-04-15 19:44:23 [SERVER] [INFO] Saving chunks for level 'durp'/Overworld
2017-04-15 19:44:23 [SERVER] [INFO] Saving chunks for level 'durp'/Nether
2017-04-15 19:44:23 [SERVER] [INFO] Saving chunks for level 'durp'/The End
2017-04-15 19:44:23 [SERVER] [INFO] Stopping server
2017-04-15 19:44:23 [SERVER] [INFO] Saving players
2017-04-15 19:44:23 [SERVER] [INFO] Saving worlds
2017-04-15 19:44:23 [SERVER] [INFO] Saving chunks for level 'durp'/Overworld
